<?xml version="1.0" encoding="UTF-8"?>
<!-- Generated by org.testng.reporters.JUnitXMLReporter -->
<testsuite ignored="0" hostname="DESKTOP-A2MCLK4" failures="0" tests="5" name="OpencartTest" time="64.4" errors="0" timestamp="2023-04-10T21:05:32 IST">
  <testcase classname="testCases.Tc_003_LoginDDT" name="test_LoginDDt" time="11.318"/>
  <testcase classname="testCases.Tc_003_LoginDDT" name="test_LoginDDt" time="11.199"/>
  <testcase classname="testCases.Tc_003_LoginDDT" name="test_LoginDDt" time="11.109"/>
  <testcase classname="testCases.Tc_003_LoginDDT" name="test_LoginDDt" time="11.097"/>
  <testcase classname="testCases.Tc_003_LoginDDT" name="test_LoginDDt" time="11.104"/>
</testsuite> <!-- OpencartTest -->
