<?xml version="1.0" encoding="UTF-8"?>
<testng-results ignored="0" total="5" passed="5" failed="0" skipped="0">
  <reporter-output>
  </reporter-output>
  <suite started-at="2023-04-10T21:04:28 IST" name="OpencartSuite" finished-at="2023-04-10T21:05:32 IST" duration-ms="64400">
    <groups>
    </groups>
    <test started-at="2023-04-10T21:04:28 IST" name="OpencartTest" finished-at="2023-04-10T21:05:32 IST" duration-ms="64400">
      <class name="testCases.Tc_003_LoginDDT">
        <test-method is-config="true" signature="setup(java.lang.String)[pri:0, instance:testCases.Tc_003_LoginDDT@a38c7fe]" started-at="2023-04-10T21:04:28 IST" name="setup" finished-at="2023-04-10T21:04:34 IST" duration-ms="5972" status="PASS">
          <params>
            <param index="0">
              <value>
                <![CDATA[Firefox]]>
              </value>
            </param>
          </params>
          <reporter-output>
          </reporter-output>
        </test-method> <!-- setup -->
        <test-method signature="test_LoginDDt(java.lang.String,java.lang.String,java.lang.String)[pri:0, instance:testCases.Tc_003_LoginDDT@a38c7fe]" started-at="2023-04-10T21:04:35 IST" name="test_LoginDDt" data-provider="LoginData" finished-at="2023-04-10T21:04:46 IST" duration-ms="11318" status="PASS">
          <params>
            <param index="0">
              <value>
                <![CDATA[venka@gmail.com]]>
              </value>
            </param>
            <param index="1">
              <value>
                <![CDATA[Test123]]>
              </value>
            </param>
            <param index="2">
              <value>
                <![CDATA[invalid]]>
              </value>
            </param>
          </params>
          <reporter-output>
          </reporter-output>
        </test-method> <!-- test_LoginDDt -->
        <test-method signature="test_LoginDDt(java.lang.String,java.lang.String,java.lang.String)[pri:0, instance:testCases.Tc_003_LoginDDT@a38c7fe]" started-at="2023-04-10T21:04:46 IST" name="test_LoginDDt" data-provider="LoginData" finished-at="2023-04-10T21:04:58 IST" duration-ms="11199" status="PASS">
          <params>
            <param index="0">
              <value>
                <![CDATA[tsst@gmail.com]]>
              </value>
            </param>
            <param index="1">
              <value>
                <![CDATA[abc]]>
              </value>
            </param>
            <param index="2">
              <value>
                <![CDATA[invalid]]>
              </value>
            </param>
          </params>
          <reporter-output>
          </reporter-output>
        </test-method> <!-- test_LoginDDt -->
        <test-method signature="test_LoginDDt(java.lang.String,java.lang.String,java.lang.String)[pri:0, instance:testCases.Tc_003_LoginDDT@a38c7fe]" started-at="2023-04-10T21:04:58 IST" name="test_LoginDDt" data-provider="LoginData" finished-at="2023-04-10T21:05:09 IST" duration-ms="11109" status="PASS">
          <params>
            <param index="0">
              <value>
                <![CDATA[vaaaa@gmail.com]]>
              </value>
            </param>
            <param index="1">
              <value>
                <![CDATA[asv]]>
              </value>
            </param>
            <param index="2">
              <value>
                <![CDATA[invalid]]>
              </value>
            </param>
          </params>
          <reporter-output>
          </reporter-output>
        </test-method> <!-- test_LoginDDt -->
        <test-method signature="test_LoginDDt(java.lang.String,java.lang.String,java.lang.String)[pri:0, instance:testCases.Tc_003_LoginDDT@a38c7fe]" started-at="2023-04-10T21:05:09 IST" name="test_LoginDDt" data-provider="LoginData" finished-at="2023-04-10T21:05:20 IST" duration-ms="11097" status="PASS">
          <params>
            <param index="0">
              <value>
                <![CDATA[bbba@gmail.com]]>
              </value>
            </param>
            <param index="1">
              <value>
                <![CDATA[xzy]]>
              </value>
            </param>
            <param index="2">
              <value>
                <![CDATA[invalid]]>
              </value>
            </param>
          </params>
          <reporter-output>
          </reporter-output>
        </test-method> <!-- test_LoginDDt -->
        <test-method signature="test_LoginDDt(java.lang.String,java.lang.String,java.lang.String)[pri:0, instance:testCases.Tc_003_LoginDDT@a38c7fe]" started-at="2023-04-10T21:05:20 IST" name="test_LoginDDt" data-provider="LoginData" finished-at="2023-04-10T21:05:31 IST" duration-ms="11104" status="PASS">
          <params>
            <param index="0">
              <value>
                <![CDATA[abc1233@gmail.com]]>
              </value>
            </param>
            <param index="1">
              <value>
                <![CDATA[Test123]]>
              </value>
            </param>
            <param index="2">
              <value>
                <![CDATA[valid]]>
              </value>
            </param>
          </params>
          <reporter-output>
          </reporter-output>
        </test-method> <!-- test_LoginDDt -->
        <test-method is-config="true" signature="tearDow()[pri:0, instance:testCases.Tc_003_LoginDDT@a38c7fe]" started-at="2023-04-10T21:05:31 IST" name="tearDow" finished-at="2023-04-10T21:05:32 IST" duration-ms="928" status="PASS">
          <reporter-output>
          </reporter-output>
        </test-method> <!-- tearDow -->
      </class> <!-- testCases.Tc_003_LoginDDT -->
    </test> <!-- OpencartTest -->
  </suite> <!-- OpencartSuite -->
</testng-results>
