<?xml version="1.0" encoding="UTF-8"?>
<testng-results ignored="0" total="5" passed="5" failed="0" skipped="0">
  <reporter-output>
  </reporter-output>
  <suite started-at="2023-04-10T17:09:13 IST" name="OpencartSuite" finished-at="2023-04-10T17:10:24 IST" duration-ms="70147">
    <groups>
    </groups>
    <test started-at="2023-04-10T17:09:13 IST" name="OpencartTest" finished-at="2023-04-10T17:10:24 IST" duration-ms="70147">
      <class name="testCases.Tc_003_LoginDDT">
        <test-method is-config="true" signature="setup(java.lang.String)[pri:0, instance:testCases.Tc_003_LoginDDT@221a3fa4]" started-at="2023-04-10T17:09:14 IST" name="setup" finished-at="2023-04-10T17:09:22 IST" duration-ms="8071" status="PASS">
          <params>
            <param index="0">
              <value>
                <![CDATA[Firefox]]>
              </value>
            </param>
          </params>
          <reporter-output>
          </reporter-output>
        </test-method> <!-- setup -->
        <test-method signature="test_LoginDDt(java.lang.String,java.lang.String,java.lang.String)[pri:0, instance:testCases.Tc_003_LoginDDT@221a3fa4]" started-at="2023-04-10T17:09:24 IST" name="test_LoginDDt" data-provider="LoginData" finished-at="2023-04-10T17:09:35 IST" duration-ms="11432" status="PASS">
          <params>
            <param index="0">
              <value>
                <![CDATA[venka@gmail.com]]>
              </value>
            </param>
            <param index="1">
              <value>
                <![CDATA[Test123]]>
              </value>
            </param>
            <param index="2">
              <value>
                <![CDATA[invalid]]>
              </value>
            </param>
          </params>
          <reporter-output>
          </reporter-output>
        </test-method> <!-- test_LoginDDt -->
        <test-method signature="test_LoginDDt(java.lang.String,java.lang.String,java.lang.String)[pri:0, instance:testCases.Tc_003_LoginDDT@221a3fa4]" started-at="2023-04-10T17:09:35 IST" name="test_LoginDDt" data-provider="LoginData" finished-at="2023-04-10T17:09:47 IST" duration-ms="11827" status="PASS">
          <params>
            <param index="0">
              <value>
                <![CDATA[tsst@gmail.com]]>
              </value>
            </param>
            <param index="1">
              <value>
                <![CDATA[abc]]>
              </value>
            </param>
            <param index="2">
              <value>
                <![CDATA[invalid]]>
              </value>
            </param>
          </params>
          <reporter-output>
          </reporter-output>
        </test-method> <!-- test_LoginDDt -->
        <test-method signature="test_LoginDDt(java.lang.String,java.lang.String,java.lang.String)[pri:0, instance:testCases.Tc_003_LoginDDT@221a3fa4]" started-at="2023-04-10T17:09:47 IST" name="test_LoginDDt" data-provider="LoginData" finished-at="2023-04-10T17:09:59 IST" duration-ms="11538" status="PASS">
          <params>
            <param index="0">
              <value>
                <![CDATA[vaaaa@gmail.com]]>
              </value>
            </param>
            <param index="1">
              <value>
                <![CDATA[asv]]>
              </value>
            </param>
            <param index="2">
              <value>
                <![CDATA[invalid]]>
              </value>
            </param>
          </params>
          <reporter-output>
          </reporter-output>
        </test-method> <!-- test_LoginDDt -->
        <test-method signature="test_LoginDDt(java.lang.String,java.lang.String,java.lang.String)[pri:0, instance:testCases.Tc_003_LoginDDT@221a3fa4]" started-at="2023-04-10T17:09:59 IST" name="test_LoginDDt" data-provider="LoginData" finished-at="2023-04-10T17:10:10 IST" duration-ms="11189" status="PASS">
          <params>
            <param index="0">
              <value>
                <![CDATA[bbba@gmail.com]]>
              </value>
            </param>
            <param index="1">
              <value>
                <![CDATA[xzy]]>
              </value>
            </param>
            <param index="2">
              <value>
                <![CDATA[invalid]]>
              </value>
            </param>
          </params>
          <reporter-output>
          </reporter-output>
        </test-method> <!-- test_LoginDDt -->
        <test-method signature="test_LoginDDt(java.lang.String,java.lang.String,java.lang.String)[pri:0, instance:testCases.Tc_003_LoginDDT@221a3fa4]" started-at="2023-04-10T17:10:10 IST" name="test_LoginDDt" data-provider="LoginData" finished-at="2023-04-10T17:10:23 IST" duration-ms="12721" status="PASS">
          <params>
            <param index="0">
              <value>
                <![CDATA[abc1233@gmail.com]]>
              </value>
            </param>
            <param index="1">
              <value>
                <![CDATA[Test123]]>
              </value>
            </param>
            <param index="2">
              <value>
                <![CDATA[valid]]>
              </value>
            </param>
          </params>
          <reporter-output>
          </reporter-output>
        </test-method> <!-- test_LoginDDt -->
        <test-method is-config="true" signature="tearDow()[pri:0, instance:testCases.Tc_003_LoginDDT@221a3fa4]" started-at="2023-04-10T17:10:23 IST" name="tearDow" finished-at="2023-04-10T17:10:24 IST" duration-ms="875" status="PASS">
          <reporter-output>
          </reporter-output>
        </test-method> <!-- tearDow -->
      </class> <!-- testCases.Tc_003_LoginDDT -->
    </test> <!-- OpencartTest -->
  </suite> <!-- OpencartSuite -->
</testng-results>
