<?xml version="1.0" encoding="UTF-8"?>
<!-- Generated by org.testng.reporters.JUnitXMLReporter -->
<testsuite ignored="0" hostname="DESKTOP-A2MCLK4" failures="0" tests="5" name="OpencartTest" time="70.147" errors="0" timestamp="2023-04-10T17:10:24 IST">
  <testcase classname="testCases.Tc_003_LoginDDT" name="test_LoginDDt" time="11.432"/>
  <testcase classname="testCases.Tc_003_LoginDDT" name="test_LoginDDt" time="11.827"/>
  <testcase classname="testCases.Tc_003_LoginDDT" name="test_LoginDDt" time="11.538"/>
  <testcase classname="testCases.Tc_003_LoginDDT" name="test_LoginDDt" time="11.189"/>
  <testcase classname="testCases.Tc_003_LoginDDT" name="test_LoginDDt" time="12.721"/>
</testsuite> <!-- OpencartTest -->
